2015/11/17 16:52:42 [error] [system.db.CDbCommand] CDbCommand::execute() failed: SQLSTATE[HY000]: General error: 1364 Field 'currCount' doesn't have a default value. The SQL statement executed was: INSERT INTO `mod_material` (`position`, `location`, `storeID`, `goodsID`, `stateCode`, `minCount`, `range`) VALUES (:yp0, :yp1, :yp2, :yp3, :yp4, :yp5, :yp6).
in D:\web\xt\web\protected\models\ActiveRecord.php (244)
in D:\web\xt\web\protected\controllers\MainController.php (117)
in D:\web\xt\web\index.php (14)
2015/11/17 16:52:42 [error] [exception.CDbException] exception 'CDbException' with message 'CDbCommand 无法执行 SQL 语句: SQLSTATE[HY000]: General error: 1364 Field 'currCount' doesn't have a default value. The SQL statement executed was: INSERT INTO `mod_material` (`position`, `location`, `storeID`, `goodsID`, `stateCode`, `minCount`, `range`) VALUES (:yp0, :yp1, :yp2, :yp3, :yp4, :yp5, :yp6)' in D:\web\xt\framework\db\CDbCommand.php:358
Stack trace:
#0 D:\web\xt\framework\db\ar\CActiveRecord.php(1077): CDbCommand->execute()
#1 D:\web\xt\framework\db\ar\CActiveRecord.php(806): CActiveRecord->insert(NULL)
#2 D:\web\xt\web\protected\models\ActiveRecord.php(244): CActiveRecord->save()
#3 D:\web\xt\web\protected\controllers\MainController.php(117): ActiveRecord->add()
#4 D:\web\xt\framework\web\actions\CInlineAction.php(49): MainController->actionAdd()
#5 D:\web\xt\framework\web\CController.php(308): CInlineAction->runWithParams(Array)
#6 D:\web\xt\framework\web\CController.php(286): CController->runAction(Object(CInlineAction))
#7 D:\web\xt\framework\web\CController.php(265): CController->runActionWithFilters(Object(CInlineAction), Array)
#8 D:\web\xt\framework\web\CWebApplication.php(282): CController->run('add')
#9 D:\web\xt\framework\web\CWebApplication.php(141): CWebApplication->runController('main/add')
#10 D:\web\xt\framework\base\CApplication.php(180): CWebApplication->processRequest()
#11 D:\web\xt\web\index.php(14): CApplication->run()
#12 {main}
REQUEST_URI=/main/add.html?goodsID=1382
HTTP_REFERER=http://127.0.0.1:8029/main/add.html?goodsID=1382
---
2015/11/17 16:52:49 [error] [system.db.CDbCommand] CDbCommand::execute() failed: SQLSTATE[HY000]: General error: 1364 Field 'currCount' doesn't have a default value. The SQL statement executed was: INSERT INTO `mod_material` (`position`, `location`, `storeID`, `goodsID`, `stateCode`, `minCount`, `range`) VALUES (:yp0, :yp1, :yp2, :yp3, :yp4, :yp5, :yp6).
in D:\web\xt\web\protected\models\ActiveRecord.php (244)
in D:\web\xt\web\protected\controllers\MainController.php (117)
in D:\web\xt\web\index.php (14)
2015/11/17 16:52:49 [error] [exception.CDbException] exception 'CDbException' with message 'CDbCommand 无法执行 SQL 语句: SQLSTATE[HY000]: General error: 1364 Field 'currCount' doesn't have a default value. The SQL statement executed was: INSERT INTO `mod_material` (`position`, `location`, `storeID`, `goodsID`, `stateCode`, `minCount`, `range`) VALUES (:yp0, :yp1, :yp2, :yp3, :yp4, :yp5, :yp6)' in D:\web\xt\framework\db\CDbCommand.php:358
Stack trace:
#0 D:\web\xt\framework\db\ar\CActiveRecord.php(1077): CDbCommand->execute()
#1 D:\web\xt\framework\db\ar\CActiveRecord.php(806): CActiveRecord->insert(NULL)
#2 D:\web\xt\web\protected\models\ActiveRecord.php(244): CActiveRecord->save()
#3 D:\web\xt\web\protected\controllers\MainController.php(117): ActiveRecord->add()
#4 D:\web\xt\framework\web\actions\CInlineAction.php(49): MainController->actionAdd()
#5 D:\web\xt\framework\web\CController.php(308): CInlineAction->runWithParams(Array)
#6 D:\web\xt\framework\web\CController.php(286): CController->runAction(Object(CInlineAction))
#7 D:\web\xt\framework\web\CController.php(265): CController->runActionWithFilters(Object(CInlineAction), Array)
#8 D:\web\xt\framework\web\CWebApplication.php(282): CController->run('add')
#9 D:\web\xt\framework\web\CWebApplication.php(141): CWebApplication->runController('main/add')
#10 D:\web\xt\framework\base\CApplication.php(180): CWebApplication->processRequest()
#11 D:\web\xt\web\index.php(14): CApplication->run()
#12 {main}
REQUEST_URI=/main/add.html?goodsID=1382
HTTP_REFERER=http://127.0.0.1:8029/main/add.html?goodsID=1382
---
2015/11/17 16:55:01 [error] [system.db.CDbCommand] CDbCommand::execute() failed: SQLSTATE[HY000]: General error: 1364 Field 'currCount' doesn't have a default value. The SQL statement executed was: INSERT INTO `mod_material` (`position`, `location`, `storeID`, `goodsID`, `stateCode`, `minCount`, `range`) VALUES (:yp0, :yp1, :yp2, :yp3, :yp4, :yp5, :yp6).
in D:\web\xt\web\protected\models\ActiveRecord.php (244)
in D:\web\xt\web\protected\controllers\MainController.php (117)
in D:\web\xt\web\index.php (14)
2015/11/17 16:55:01 [error] [exception.CDbException] exception 'CDbException' with message 'CDbCommand 无法执行 SQL 语句: SQLSTATE[HY000]: General error: 1364 Field 'currCount' doesn't have a default value. The SQL statement executed was: INSERT INTO `mod_material` (`position`, `location`, `storeID`, `goodsID`, `stateCode`, `minCount`, `range`) VALUES (:yp0, :yp1, :yp2, :yp3, :yp4, :yp5, :yp6)' in D:\web\xt\framework\db\CDbCommand.php:358
Stack trace:
#0 D:\web\xt\framework\db\ar\CActiveRecord.php(1077): CDbCommand->execute()
#1 D:\web\xt\framework\db\ar\CActiveRecord.php(806): CActiveRecord->insert(NULL)
#2 D:\web\xt\web\protected\models\ActiveRecord.php(244): CActiveRecord->save()
#3 D:\web\xt\web\protected\controllers\MainController.php(117): ActiveRecord->add()
#4 D:\web\xt\framework\web\actions\CInlineAction.php(49): MainController->actionAdd()
#5 D:\web\xt\framework\web\CController.php(308): CInlineAction->runWithParams(Array)
#6 D:\web\xt\framework\web\CController.php(286): CController->runAction(Object(CInlineAction))
#7 D:\web\xt\framework\web\CController.php(265): CController->runActionWithFilters(Object(CInlineAction), Array)
#8 D:\web\xt\framework\web\CWebApplication.php(282): CController->run('add')
#9 D:\web\xt\framework\web\CWebApplication.php(141): CWebApplication->runController('main/add')
#10 D:\web\xt\framework\base\CApplication.php(180): CWebApplication->processRequest()
#11 D:\web\xt\web\index.php(14): CApplication->run()
#12 {main}
REQUEST_URI=/main/add.html?goodsID=1382
HTTP_REFERER=http://127.0.0.1:8029/main/add.html?goodsID=1382
---
2015/11/17 17:07:50 [error] [system.db.CDbCommand] CDbCommand::execute() failed: SQLSTATE[HY000]: General error: 1364 Field 'currCount' doesn't have a default value. The SQL statement executed was: INSERT INTO `mod_material` (`position`, `location`, `storeID`, `goodsID`, `stateCode`, `minCount`, `range`) VALUES (:yp0, :yp1, :yp2, :yp3, :yp4, :yp5, :yp6).
in D:\web\xt\web\protected\models\ActiveRecord.php (244)
in D:\web\xt\web\protected\controllers\MainController.php (118)
in D:\web\xt\web\index.php (14)
2015/11/17 17:07:50 [error] [exception.CDbException] exception 'CDbException' with message 'CDbCommand 无法执行 SQL 语句: SQLSTATE[HY000]: General error: 1364 Field 'currCount' doesn't have a default value. The SQL statement executed was: INSERT INTO `mod_material` (`position`, `location`, `storeID`, `goodsID`, `stateCode`, `minCount`, `range`) VALUES (:yp0, :yp1, :yp2, :yp3, :yp4, :yp5, :yp6)' in D:\web\xt\framework\db\CDbCommand.php:358
Stack trace:
#0 D:\web\xt\framework\db\ar\CActiveRecord.php(1077): CDbCommand->execute()
#1 D:\web\xt\framework\db\ar\CActiveRecord.php(806): CActiveRecord->insert(NULL)
#2 D:\web\xt\web\protected\models\ActiveRecord.php(244): CActiveRecord->save()
#3 D:\web\xt\web\protected\controllers\MainController.php(118): ActiveRecord->add()
#4 D:\web\xt\framework\web\actions\CInlineAction.php(49): MainController->actionAdd()
#5 D:\web\xt\framework\web\CController.php(308): CInlineAction->runWithParams(Array)
#6 D:\web\xt\framework\web\CController.php(286): CController->runAction(Object(CInlineAction))
#7 D:\web\xt\framework\web\CController.php(265): CController->runActionWithFilters(Object(CInlineAction), Array)
#8 D:\web\xt\framework\web\CWebApplication.php(282): CController->run('add')
#9 D:\web\xt\framework\web\CWebApplication.php(141): CWebApplication->runController('main/add')
#10 D:\web\xt\framework\base\CApplication.php(180): CWebApplication->processRequest()
#11 D:\web\xt\web\index.php(14): CApplication->run()
#12 {main}
REQUEST_URI=/main/add.html?goodsID=1382
HTTP_REFERER=http://127.0.0.1:8029/main/add.html?goodsID=1382
---
2015/11/17 17:18:42 [error] [system.db.CDbCommand] CDbCommand::execute() failed: SQLSTATE[HY000]: General error: 1364 Field 'availableCount' doesn't have a default value. The SQL statement executed was: INSERT INTO `mod_material` (`position`, `location`, `storeID`, `goodsID`, `stateCode`, `currCount`, `minCount`, `range`) VALUES (:yp0, :yp1, :yp2, :yp3, :yp4, :yp5, :yp6, :yp7).
in D:\web\xt\web\protected\models\ActiveRecord.php (244)
in D:\web\xt\web\protected\controllers\MainController.php (118)
in D:\web\xt\web\index.php (14)
2015/11/17 17:18:42 [error] [exception.CDbException] exception 'CDbException' with message 'CDbCommand 无法执行 SQL 语句: SQLSTATE[HY000]: General error: 1364 Field 'availableCount' doesn't have a default value. The SQL statement executed was: INSERT INTO `mod_material` (`position`, `location`, `storeID`, `goodsID`, `stateCode`, `currCount`, `minCount`, `range`) VALUES (:yp0, :yp1, :yp2, :yp3, :yp4, :yp5, :yp6, :yp7)' in D:\web\xt\framework\db\CDbCommand.php:358
Stack trace:
#0 D:\web\xt\framework\db\ar\CActiveRecord.php(1077): CDbCommand->execute()
#1 D:\web\xt\framework\db\ar\CActiveRecord.php(806): CActiveRecord->insert(NULL)
#2 D:\web\xt\web\protected\models\ActiveRecord.php(244): CActiveRecord->save()
#3 D:\web\xt\web\protected\controllers\MainController.php(118): ActiveRecord->add()
#4 D:\web\xt\framework\web\actions\CInlineAction.php(49): MainController->actionAdd()
#5 D:\web\xt\framework\web\CController.php(308): CInlineAction->runWithParams(Array)
#6 D:\web\xt\framework\web\CController.php(286): CController->runAction(Object(CInlineAction))
#7 D:\web\xt\framework\web\CController.php(265): CController->runActionWithFilters(Object(CInlineAction), Array)
#8 D:\web\xt\framework\web\CWebApplication.php(282): CController->run('add')
#9 D:\web\xt\framework\web\CWebApplication.php(141): CWebApplication->runController('main/add')
#10 D:\web\xt\framework\base\CApplication.php(180): CWebApplication->processRequest()
#11 D:\web\xt\web\index.php(14): CApplication->run()
#12 {main}
REQUEST_URI=/main/add.html?goodsID=1382
HTTP_REFERER=http://127.0.0.1:8029/main/add.html?goodsID=1382
---
2015/11/18 08:56:29 [error] [exception.CHttpException.403] exception 'CHttpException' with message '没有找到数据' in D:\web\xt\web\protected\vendor\message\WMessage.php:55
Stack trace:
#0 D:\web\xt\web\protected\controllers\MainController.php(152): WMessage::htmlWarn('\xE6\xB2\xA1\xE6\x9C\x89\xE6\x89\xBE\xE5\x88\xB0\xE6\x95\xB0...')
#1 D:\web\xt\framework\web\actions\CInlineAction.php(49): MainController->actionEdit()
#2 D:\web\xt\framework\web\CController.php(308): CInlineAction->runWithParams(Array)
#3 D:\web\xt\framework\web\CController.php(286): CController->runAction(Object(CInlineAction))
#4 D:\web\xt\framework\web\CController.php(265): CController->runActionWithFilters(Object(CInlineAction), Array)
#5 D:\web\xt\framework\web\CWebApplication.php(282): CController->run('edit')
#6 D:\web\xt\framework\web\CWebApplication.php(141): CWebApplication->runController('main/edit')
#7 D:\web\xt\framework\base\CApplication.php(180): CWebApplication->processRequest()
#8 D:\web\xt\web\index.php(14): CApplication->run()
#9 {main}
REQUEST_URI=/main/edit?mid=1737
HTTP_REFERER=http://127.0.0.1:8029/spare/list.html
---
2015/11/18 09:13:00 [error] [exception.CHttpException.403] exception 'CHttpException' with message '没有找到数据' in D:\web\xt\web\protected\vendor\message\WMessage.php:55
Stack trace:
#0 D:\web\xt\web\protected\controllers\MainController.php(152): WMessage::htmlWarn('\xE6\xB2\xA1\xE6\x9C\x89\xE6\x89\xBE\xE5\x88\xB0\xE6\x95\xB0...')
#1 D:\web\xt\framework\web\actions\CInlineAction.php(49): MainController->actionEdit()
#2 D:\web\xt\framework\web\CController.php(308): CInlineAction->runWithParams(Array)
#3 D:\web\xt\framework\web\CController.php(286): CController->runAction(Object(CInlineAction))
#4 D:\web\xt\framework\web\CController.php(265): CController->runActionWithFilters(Object(CInlineAction), Array)
#5 D:\web\xt\framework\web\CWebApplication.php(282): CController->run('edit')
#6 D:\web\xt\framework\web\CWebApplication.php(141): CWebApplication->runController('main/edit')
#7 D:\web\xt\framework\base\CApplication.php(180): CWebApplication->processRequest()
#8 D:\web\xt\web\index.php(14): CApplication->run()
#9 {main}
REQUEST_URI=/main/edit.html?mid=11
HTTP_REFERER=http://127.0.0.1:8029/main/ListAjax.html?gid=1346
---
2015/11/18 09:13:11 [error] [exception.CHttpException.403] exception 'CHttpException' with message '没有找到数据' in D:\web\xt\web\protected\vendor\message\WMessage.php:55
Stack trace:
#0 D:\web\xt\web\protected\controllers\MainController.php(152): WMessage::htmlWarn('\xE6\xB2\xA1\xE6\x9C\x89\xE6\x89\xBE\xE5\x88\xB0\xE6\x95\xB0...')
#1 D:\web\xt\framework\web\actions\CInlineAction.php(49): MainController->actionEdit()
#2 D:\web\xt\framework\web\CController.php(308): CInlineAction->runWithParams(Array)
#3 D:\web\xt\framework\web\CController.php(286): CController->runAction(Object(CInlineAction))
#4 D:\web\xt\framework\web\CController.php(265): CController->runActionWithFilters(Object(CInlineAction), Array)
#5 D:\web\xt\framework\web\CWebApplication.php(282): CController->run('edit')
#6 D:\web\xt\framework\web\CWebApplication.php(141): CWebApplication->runController('main/edit')
#7 D:\web\xt\framework\base\CApplication.php(180): CWebApplication->processRequest()
#8 D:\web\xt\web\index.php(14): CApplication->run()
#9 {main}
REQUEST_URI=/main/edit.html?mid=11
HTTP_REFERER=http://127.0.0.1:8029/main/ListAjax.html?gid=1346
---
